10:21:07.689 [main] INFO  c.c.eventrule.PCPEventApplication - Starting PCPEventApplication on DESKTOP-THANSBI with PID 10140 (C:\Users\admin\Downloads\PCPEVENTRULES\PCPEVENTRULES\PCPEVENTRULES\PCPEVENTRULES\target\classes started by admin in C:\Users\admin\Downloads\PCPEVENTRULES\PCPEVENTRULES\PCPEVENTRULES\PCPEVENTRULES) 
10:21:07.695 [main] INFO  c.c.eventrule.PCPEventApplication - No active profile set, falling back to default profiles: default 
10:21:12.130 [main] INFO  o.s.b.w.e.tomcat.TomcatWebServer - Tomcat initialized with port(s): 8082 (http) 
10:21:12.180 [main] INFO  o.a.coyote.http11.Http11NioProtocol - Initializing ProtocolHandler ["http-nio-8082"] 
10:21:12.228 [main] INFO  o.a.catalina.core.StandardService - Starting service [Tomcat] 
10:21:12.229 [main] INFO  o.a.catalina.core.StandardEngine - Starting Servlet engine: [Apache Tomcat/9.0.17] 
10:21:12.577 [main] INFO  o.a.c.c.C.[Tomcat].[localhost].[/] - Initializing Spring embedded WebApplicationContext 
10:21:12.577 [main] INFO  o.s.web.context.ContextLoader - Root WebApplicationContext: initialization completed in 4560 ms 
10:21:20.456 [main] ERROR c.crhc.eventrule.config.DroolConfig - error {} 
10:21:29.571 [main] ERROR c.crhc.eventrule.config.DroolConfig - error {} 
10:21:29.828 [main] WARN  o.s.w.s.r.ResourceHttpRequestHandler - Locations list is empty. No resources will be served unless a custom ResourceResolver is configured as an alternative to PathResourceResolver. 
10:21:30.489 [main] INFO  o.a.coyote.http11.Http11NioProtocol - Starting ProtocolHandler ["http-nio-8082"] 
10:21:30.582 [main] INFO  o.s.b.w.e.tomcat.TomcatWebServer - Tomcat started on port(s): 8082 (http) with context path '' 
10:21:30.595 [main] INFO  c.c.eventrule.PCPEventApplication - Started PCPEventApplication in 24.494 seconds (JVM running for 26.966) 
10:21:38.754 [http-nio-8082-exec-2] INFO  o.a.c.c.C.[Tomcat].[localhost].[/] - Initializing Spring DispatcherServlet 'dispatcherServlet' 
10:21:38.754 [http-nio-8082-exec-2] INFO  o.s.web.servlet.DispatcherServlet - Initializing Servlet 'dispatcherServlet' 
10:21:38.770 [http-nio-8082-exec-2] INFO  o.s.web.servlet.DispatcherServlet - Completed initialization in 16 ms 
12:52:43.971 [main] INFO  c.c.eventrule.PCPEventApplication - Starting PCPEventApplication on DESKTOP-THANSBI with PID 20244 (C:\Users\admin\Downloads\PCPEVENTRULES\PCPEVENTRULES\PCPEVENTRULES\PCPEVENTRULES\target\classes started by admin in C:\Users\admin\Downloads\PCPEVENTRULES\PCPEVENTRULES\PCPEVENTRULES\PCPEVENTRULES) 
12:52:43.984 [main] INFO  c.c.eventrule.PCPEventApplication - No active profile set, falling back to default profiles: default 
12:52:47.259 [main] INFO  o.s.b.w.e.tomcat.TomcatWebServer - Tomcat initialized with port(s): 8082 (http) 
12:52:47.312 [main] INFO  o.a.coyote.http11.Http11NioProtocol - Initializing ProtocolHandler ["http-nio-8082"] 
12:52:47.353 [main] INFO  o.a.catalina.core.StandardService - Starting service [Tomcat] 
12:52:47.354 [main] INFO  o.a.catalina.core.StandardEngine - Starting Servlet engine: [Apache Tomcat/9.0.17] 
12:52:47.691 [main] INFO  o.a.c.c.C.[Tomcat].[localhost].[/] - Initializing Spring embedded WebApplicationContext 
12:52:47.692 [main] INFO  o.s.web.context.ContextLoader - Root WebApplicationContext: initialization completed in 3606 ms 
12:52:51.999 [main] ERROR c.crhc.eventrule.config.DroolConfig - error {} 
12:52:56.720 [main] ERROR c.crhc.eventrule.config.DroolConfig - error {} 
12:52:57.059 [main] WARN  o.s.w.s.r.ResourceHttpRequestHandler - Locations list is empty. No resources will be served unless a custom ResourceResolver is configured as an alternative to PathResourceResolver. 
12:52:57.750 [main] INFO  o.a.coyote.http11.Http11NioProtocol - Starting ProtocolHandler ["http-nio-8082"] 
12:52:57.833 [main] INFO  o.s.b.w.e.tomcat.TomcatWebServer - Tomcat started on port(s): 8082 (http) with context path '' 
12:52:57.851 [main] INFO  c.c.eventrule.PCPEventApplication - Started PCPEventApplication in 14.691 seconds (JVM running for 15.987) 
12:53:20.419 [http-nio-8082-exec-1] INFO  o.a.c.c.C.[Tomcat].[localhost].[/] - Initializing Spring DispatcherServlet 'dispatcherServlet' 
12:53:20.419 [http-nio-8082-exec-1] INFO  o.s.web.servlet.DispatcherServlet - Initializing Servlet 'dispatcherServlet' 
12:53:20.428 [http-nio-8082-exec-1] INFO  o.s.web.servlet.DispatcherServlet - Completed initialization in 9 ms 
17:05:04.376 [main] INFO  c.c.eventrule.PCPEventApplication - Starting PCPEventApplication on DESKTOP-THANSBI with PID 1928 (C:\Users\admin\Downloads\PCPEVENTRULES\PCPEVENTRULES\PCPEVENTRULES\PCPEVENTRULES\target\classes started by admin in C:\Users\admin\Downloads\PCPEVENTRULES\PCPEVENTRULES\PCPEVENTRULES\PCPEVENTRULES) 
17:05:04.379 [main] INFO  c.c.eventrule.PCPEventApplication - No active profile set, falling back to default profiles: default 
17:05:06.448 [main] INFO  o.s.b.w.e.tomcat.TomcatWebServer - Tomcat initialized with port(s): 8082 (http) 
17:05:06.471 [main] INFO  o.a.coyote.http11.Http11NioProtocol - Initializing ProtocolHandler ["http-nio-8082"] 
17:05:06.491 [main] INFO  o.a.catalina.core.StandardService - Starting service [Tomcat] 
17:05:06.491 [main] INFO  o.a.catalina.core.StandardEngine - Starting Servlet engine: [Apache Tomcat/9.0.17] 
17:05:06.704 [main] INFO  o.a.c.c.C.[Tomcat].[localhost].[/] - Initializing Spring embedded WebApplicationContext 
17:05:06.704 [main] INFO  o.s.web.context.ContextLoader - Root WebApplicationContext: initialization completed in 2257 ms 
17:05:09.711 [main] ERROR c.crhc.eventrule.config.DroolConfig - error {} 
17:05:12.904 [main] ERROR c.crhc.eventrule.config.DroolConfig - error {} 
17:05:13.058 [main] WARN  o.s.w.s.r.ResourceHttpRequestHandler - Locations list is empty. No resources will be served unless a custom ResourceResolver is configured as an alternative to PathResourceResolver. 
17:05:13.447 [main] INFO  o.a.coyote.http11.Http11NioProtocol - Starting ProtocolHandler ["http-nio-8082"] 
17:05:13.496 [main] INFO  o.s.b.w.e.tomcat.TomcatWebServer - Tomcat started on port(s): 8082 (http) with context path '' 
17:05:13.502 [main] INFO  c.c.eventrule.PCPEventApplication - Started PCPEventApplication in 9.727 seconds (JVM running for 10.64) 
17:05:26.625 [http-nio-8082-exec-1] INFO  o.a.c.c.C.[Tomcat].[localhost].[/] - Initializing Spring DispatcherServlet 'dispatcherServlet' 
17:05:26.625 [http-nio-8082-exec-1] INFO  o.s.web.servlet.DispatcherServlet - Initializing Servlet 'dispatcherServlet' 
17:05:26.635 [http-nio-8082-exec-1] INFO  o.s.web.servlet.DispatcherServlet - Completed initialization in 9 ms 
17:16:30.455 [main] INFO  c.c.eventrule.PCPEventApplication - Starting PCPEventApplication on DESKTOP-THANSBI with PID 16192 (C:\Users\admin\Downloads\PCPEVENTRULES\PCPEVENTRULES\PCPEVENTRULES\PCPEVENTRULES\target\classes started by admin in C:\Users\admin\Downloads\PCPEVENTRULES\PCPEVENTRULES\PCPEVENTRULES\PCPEVENTRULES) 
17:16:30.460 [main] INFO  c.c.eventrule.PCPEventApplication - No active profile set, falling back to default profiles: default 
17:16:32.555 [main] INFO  o.s.b.w.e.tomcat.TomcatWebServer - Tomcat initialized with port(s): 8082 (http) 
17:16:32.584 [main] INFO  o.a.coyote.http11.Http11NioProtocol - Initializing ProtocolHandler ["http-nio-8082"] 
17:16:32.607 [main] INFO  o.a.catalina.core.StandardService - Starting service [Tomcat] 
17:16:32.609 [main] INFO  o.a.catalina.core.StandardEngine - Starting Servlet engine: [Apache Tomcat/9.0.17] 
17:16:32.848 [main] INFO  o.a.c.c.C.[Tomcat].[localhost].[/] - Initializing Spring embedded WebApplicationContext 
17:16:32.848 [main] INFO  o.s.web.context.ContextLoader - Root WebApplicationContext: initialization completed in 2319 ms 
17:16:35.914 [main] ERROR c.crhc.eventrule.config.DroolConfig - error {} 
17:16:39.795 [main] ERROR c.crhc.eventrule.config.DroolConfig - error {} 
17:16:39.976 [main] WARN  o.s.w.s.r.ResourceHttpRequestHandler - Locations list is empty. No resources will be served unless a custom ResourceResolver is configured as an alternative to PathResourceResolver. 
17:16:40.425 [main] INFO  o.a.coyote.http11.Http11NioProtocol - Starting ProtocolHandler ["http-nio-8082"] 
17:16:40.491 [main] INFO  o.s.b.w.e.tomcat.TomcatWebServer - Tomcat started on port(s): 8082 (http) with context path '' 
17:16:40.498 [main] INFO  c.c.eventrule.PCPEventApplication - Started PCPEventApplication in 10.649 seconds (JVM running for 11.569) 
17:17:03.312 [http-nio-8082-exec-2] INFO  o.a.c.c.C.[Tomcat].[localhost].[/] - Initializing Spring DispatcherServlet 'dispatcherServlet' 
17:17:03.312 [http-nio-8082-exec-2] INFO  o.s.web.servlet.DispatcherServlet - Initializing Servlet 'dispatcherServlet' 
17:17:03.323 [http-nio-8082-exec-2] INFO  o.s.web.servlet.DispatcherServlet - Completed initialization in 11 ms 
