12:45:36.178 [main] INFO  c.c.eventrule.PCPEventApplication - Starting PCPEventApplication on DESKTOP-THANSBI with PID 172 (C:\Users\admin\Downloads\PCPEVENTRULES\PCPEVENTRULES\PCPEVENTRULES\PCPEVENTRULES\target\classes started by admin in C:\Users\admin\Downloads\PCPEVENTRULES\PCPEVENTRULES\PCPEVENTRULES\PCPEVENTRULES) 
12:45:36.198 [main] INFO  c.c.eventrule.PCPEventApplication - No active profile set, falling back to default profiles: default 
12:45:45.102 [main] INFO  o.s.b.w.e.tomcat.TomcatWebServer - Tomcat initialized with port(s): 8082 (http) 
12:45:45.250 [main] INFO  o.a.coyote.http11.Http11NioProtocol - Initializing ProtocolHandler ["http-nio-8082"] 
12:45:45.367 [main] INFO  o.a.catalina.core.StandardService - Starting service [Tomcat] 
12:45:45.367 [main] INFO  o.a.catalina.core.StandardEngine - Starting Servlet engine: [Apache Tomcat/9.0.17] 
12:45:46.598 [main] INFO  o.a.c.c.C.[Tomcat].[localhost].[/] - Initializing Spring embedded WebApplicationContext 
12:45:46.599 [main] INFO  o.s.web.context.ContextLoader - Root WebApplicationContext: initialization completed in 9739 ms 
12:46:08.616 [main] ERROR c.crhc.eventrule.config.DroolConfig - error {} 
12:46:20.745 [main] ERROR c.crhc.eventrule.config.DroolConfig - error {} 
12:46:21.196 [main] WARN  o.s.w.s.r.ResourceHttpRequestHandler - Locations list is empty. No resources will be served unless a custom ResourceResolver is configured as an alternative to PathResourceResolver. 
12:46:22.322 [main] INFO  o.a.coyote.http11.Http11NioProtocol - Starting ProtocolHandler ["http-nio-8082"] 
12:46:22.442 [main] INFO  o.s.b.w.e.tomcat.TomcatWebServer - Tomcat started on port(s): 8082 (http) with context path '' 
12:46:22.447 [main] INFO  c.c.eventrule.PCPEventApplication - Started PCPEventApplication in 50.496 seconds (JVM running for 53.48) 
12:46:59.089 [http-nio-8082-exec-1] INFO  o.a.c.c.C.[Tomcat].[localhost].[/] - Initializing Spring DispatcherServlet 'dispatcherServlet' 
12:46:59.090 [http-nio-8082-exec-1] INFO  o.s.web.servlet.DispatcherServlet - Initializing Servlet 'dispatcherServlet' 
12:46:59.106 [http-nio-8082-exec-1] INFO  o.s.web.servlet.DispatcherServlet - Completed initialization in 16 ms 
12:49:04.520 [main] INFO  c.c.eventrule.PCPEventApplication - Starting PCPEventApplication on DESKTOP-THANSBI with PID 19104 (C:\Users\admin\Downloads\PCPEVENTRULES\PCPEVENTRULES\PCPEVENTRULES\PCPEVENTRULES\target\classes started by admin in C:\Users\admin\Downloads\PCPEVENTRULES\PCPEVENTRULES\PCPEVENTRULES\PCPEVENTRULES) 
12:49:04.524 [main] INFO  c.c.eventrule.PCPEventApplication - No active profile set, falling back to default profiles: default 
12:49:06.874 [main] INFO  o.s.b.w.e.tomcat.TomcatWebServer - Tomcat initialized with port(s): 8082 (http) 
12:49:06.931 [main] INFO  o.a.coyote.http11.Http11NioProtocol - Initializing ProtocolHandler ["http-nio-8082"] 
12:49:06.958 [main] INFO  o.a.catalina.core.StandardService - Starting service [Tomcat] 
12:49:06.959 [main] INFO  o.a.catalina.core.StandardEngine - Starting Servlet engine: [Apache Tomcat/9.0.17] 
12:49:07.282 [main] INFO  o.a.c.c.C.[Tomcat].[localhost].[/] - Initializing Spring embedded WebApplicationContext 
12:49:07.283 [main] INFO  o.s.web.context.ContextLoader - Root WebApplicationContext: initialization completed in 2692 ms 
12:49:10.628 [main] ERROR c.crhc.eventrule.config.DroolConfig - error {} 
12:49:14.605 [main] ERROR c.crhc.eventrule.config.DroolConfig - error {} 
12:49:14.871 [main] WARN  o.s.w.s.r.ResourceHttpRequestHandler - Locations list is empty. No resources will be served unless a custom ResourceResolver is configured as an alternative to PathResourceResolver. 
12:49:15.767 [main] INFO  o.a.coyote.http11.Http11NioProtocol - Starting ProtocolHandler ["http-nio-8082"] 
12:49:16.177 [main] INFO  o.s.b.w.e.tomcat.TomcatWebServer - Tomcat started on port(s): 8082 (http) with context path '' 
12:49:16.210 [main] INFO  c.c.eventrule.PCPEventApplication - Started PCPEventApplication in 12.276 seconds (JVM running for 13.205) 
12:49:21.833 [http-nio-8082-exec-2] INFO  o.a.c.c.C.[Tomcat].[localhost].[/] - Initializing Spring DispatcherServlet 'dispatcherServlet' 
12:49:21.834 [http-nio-8082-exec-2] INFO  o.s.web.servlet.DispatcherServlet - Initializing Servlet 'dispatcherServlet' 
12:49:21.847 [http-nio-8082-exec-2] INFO  o.s.web.servlet.DispatcherServlet - Completed initialization in 11 ms 
12:59:53.434 [main] INFO  c.c.eventrule.PCPEventApplication - Starting PCPEventApplication on DESKTOP-THANSBI with PID 8704 (C:\Users\admin\Downloads\PCPEVENTRULES\PCPEVENTRULES\PCPEVENTRULES\PCPEVENTRULES\target\classes started by admin in C:\Users\admin\Downloads\PCPEVENTRULES\PCPEVENTRULES\PCPEVENTRULES\PCPEVENTRULES) 
12:59:53.439 [main] INFO  c.c.eventrule.PCPEventApplication - No active profile set, falling back to default profiles: default 
12:59:56.097 [main] INFO  o.s.b.w.e.tomcat.TomcatWebServer - Tomcat initialized with port(s): 8082 (http) 
12:59:56.130 [main] INFO  o.a.coyote.http11.Http11NioProtocol - Initializing ProtocolHandler ["http-nio-8082"] 
12:59:56.164 [main] INFO  o.a.catalina.core.StandardService - Starting service [Tomcat] 
12:59:56.164 [main] INFO  o.a.catalina.core.StandardEngine - Starting Servlet engine: [Apache Tomcat/9.0.17] 
12:59:56.585 [main] INFO  o.a.c.c.C.[Tomcat].[localhost].[/] - Initializing Spring embedded WebApplicationContext 
12:59:56.585 [main] INFO  o.s.web.context.ContextLoader - Root WebApplicationContext: initialization completed in 3065 ms 
13:00:00.638 [main] ERROR c.crhc.eventrule.config.DroolConfig - error {} 
13:00:05.824 [main] ERROR c.crhc.eventrule.config.DroolConfig - error {} 
13:00:06.137 [main] WARN  o.s.w.s.r.ResourceHttpRequestHandler - Locations list is empty. No resources will be served unless a custom ResourceResolver is configured as an alternative to PathResourceResolver. 
13:00:06.676 [main] INFO  o.a.coyote.http11.Http11NioProtocol - Starting ProtocolHandler ["http-nio-8082"] 
13:00:06.740 [main] INFO  o.s.b.w.e.tomcat.TomcatWebServer - Tomcat started on port(s): 8082 (http) with context path '' 
13:00:06.746 [main] INFO  c.c.eventrule.PCPEventApplication - Started PCPEventApplication in 14.081 seconds (JVM running for 15.045) 
13:00:13.076 [http-nio-8082-exec-2] INFO  o.a.c.c.C.[Tomcat].[localhost].[/] - Initializing Spring DispatcherServlet 'dispatcherServlet' 
13:00:13.077 [http-nio-8082-exec-2] INFO  o.s.web.servlet.DispatcherServlet - Initializing Servlet 'dispatcherServlet' 
13:00:13.088 [http-nio-8082-exec-2] INFO  o.s.web.servlet.DispatcherServlet - Completed initialization in 11 ms 
13:08:25.719 [main] INFO  c.c.eventrule.PCPEventApplication - Starting PCPEventApplication on DESKTOP-THANSBI with PID 18044 (C:\Users\admin\Downloads\PCPEVENTRULES\PCPEVENTRULES\PCPEVENTRULES\PCPEVENTRULES\target\classes started by admin in C:\Users\admin\Downloads\PCPEVENTRULES\PCPEVENTRULES\PCPEVENTRULES\PCPEVENTRULES) 
13:08:25.724 [main] INFO  c.c.eventrule.PCPEventApplication - No active profile set, falling back to default profiles: default 
13:08:31.815 [main] INFO  o.s.b.w.e.tomcat.TomcatWebServer - Tomcat initialized with port(s): 8082 (http) 
13:08:31.911 [main] INFO  o.a.coyote.http11.Http11NioProtocol - Initializing ProtocolHandler ["http-nio-8082"] 
13:08:31.955 [main] INFO  o.a.catalina.core.StandardService - Starting service [Tomcat] 
13:08:31.955 [main] INFO  o.a.catalina.core.StandardEngine - Starting Servlet engine: [Apache Tomcat/9.0.17] 
13:08:32.407 [main] INFO  o.a.c.c.C.[Tomcat].[localhost].[/] - Initializing Spring embedded WebApplicationContext 
13:08:32.407 [main] INFO  o.s.web.context.ContextLoader - Root WebApplicationContext: initialization completed in 6466 ms 
13:08:38.460 [main] ERROR c.crhc.eventrule.config.DroolConfig - error {} 
13:08:45.048 [main] ERROR c.crhc.eventrule.config.DroolConfig - error {} 
13:08:45.311 [main] WARN  o.s.w.s.r.ResourceHttpRequestHandler - Locations list is empty. No resources will be served unless a custom ResourceResolver is configured as an alternative to PathResourceResolver. 
13:08:45.998 [main] INFO  o.a.coyote.http11.Http11NioProtocol - Starting ProtocolHandler ["http-nio-8082"] 
13:08:46.123 [main] INFO  o.s.b.w.e.tomcat.TomcatWebServer - Tomcat started on port(s): 8082 (http) with context path '' 
13:08:46.146 [main] INFO  c.c.eventrule.PCPEventApplication - Started PCPEventApplication in 22.339 seconds (JVM running for 24.075) 
13:08:57.729 [http-nio-8082-exec-1] INFO  o.a.c.c.C.[Tomcat].[localhost].[/] - Initializing Spring DispatcherServlet 'dispatcherServlet' 
13:08:57.729 [http-nio-8082-exec-1] INFO  o.s.web.servlet.DispatcherServlet - Initializing Servlet 'dispatcherServlet' 
13:08:57.766 [http-nio-8082-exec-1] INFO  o.s.web.servlet.DispatcherServlet - Completed initialization in 37 ms 
13:14:15.644 [main] INFO  c.c.eventrule.PCPEventApplication - Starting PCPEventApplication on DESKTOP-THANSBI with PID 20176 (C:\Users\admin\Downloads\PCPEVENTRULES\PCPEVENTRULES\PCPEVENTRULES\PCPEVENTRULES\target\classes started by admin in C:\Users\admin\Downloads\PCPEVENTRULES\PCPEVENTRULES\PCPEVENTRULES\PCPEVENTRULES) 
13:14:15.654 [main] INFO  c.c.eventrule.PCPEventApplication - No active profile set, falling back to default profiles: default 
13:14:19.168 [main] INFO  o.s.b.w.e.tomcat.TomcatWebServer - Tomcat initialized with port(s): 8082 (http) 
13:14:19.213 [main] INFO  o.a.coyote.http11.Http11NioProtocol - Initializing ProtocolHandler ["http-nio-8082"] 
13:14:19.257 [main] INFO  o.a.catalina.core.StandardService - Starting service [Tomcat] 
13:14:19.259 [main] INFO  o.a.catalina.core.StandardEngine - Starting Servlet engine: [Apache Tomcat/9.0.17] 
13:14:19.720 [main] INFO  o.a.c.c.C.[Tomcat].[localhost].[/] - Initializing Spring embedded WebApplicationContext 
13:14:19.720 [main] INFO  o.s.web.context.ContextLoader - Root WebApplicationContext: initialization completed in 3923 ms 
13:14:24.632 [main] ERROR c.crhc.eventrule.config.DroolConfig - error {} 
13:14:31.269 [main] ERROR c.crhc.eventrule.config.DroolConfig - error {} 
13:14:31.824 [main] WARN  o.s.w.s.r.ResourceHttpRequestHandler - Locations list is empty. No resources will be served unless a custom ResourceResolver is configured as an alternative to PathResourceResolver. 
13:14:32.438 [main] INFO  o.a.coyote.http11.Http11NioProtocol - Starting ProtocolHandler ["http-nio-8082"] 
13:14:32.523 [main] INFO  o.s.b.w.e.tomcat.TomcatWebServer - Tomcat started on port(s): 8082 (http) with context path '' 
13:14:32.528 [main] INFO  c.c.eventrule.PCPEventApplication - Started PCPEventApplication in 17.775 seconds (JVM running for 19.226) 
13:14:35.959 [http-nio-8082-exec-2] INFO  o.a.c.c.C.[Tomcat].[localhost].[/] - Initializing Spring DispatcherServlet 'dispatcherServlet' 
13:14:35.959 [http-nio-8082-exec-2] INFO  o.s.web.servlet.DispatcherServlet - Initializing Servlet 'dispatcherServlet' 
13:14:35.969 [http-nio-8082-exec-2] INFO  o.s.web.servlet.DispatcherServlet - Completed initialization in 9 ms 
